<?xml version="1.0" encoding="UTF-8"?>
<!-- Generated by org.testng.reporters.JUnitReportReporter -->
<testsuite skipped="0" hostname="ICE-PC" name="com.shopcart.localization.testcases.LocalizationPageTest" tests="8" failures="0" timestamp="19 Aug 2019 07:42:12 GMT" time="113.802" errors="0">
  <testcase name="verifyPanelHeadingTest" time="12.833" classname="com.shopcart.localization.testcases.LocalizationPageTest"/>
  <testcase name="verifyCheckBoxTest" time="13.401" classname="com.shopcart.localization.testcases.LocalizationPageTest"/>
  <testcase name="verifyRadioButton" time="12.536" classname="com.shopcart.localization.testcases.LocalizationPageTest"/>
  <testcase name="verifyPageTitleTest" time="12.509" classname="com.shopcart.localization.testcases.LocalizationPageTest"/>
  <testcase name="verifyConfigrationTest" time="17.410" classname="com.shopcart.localization.testcases.LocalizationPageTest"/>
  <testcase name="verifyLanguageSliderTest" time="12.511" classname="com.shopcart.localization.testcases.LocalizationPageTest"/>
  <testcase name="verifyModulesAndServices" time="17.218" classname="com.shopcart.localization.testcases.LocalizationPageTest"/>
  <testcase name="verifypackToImportTest" time="15.384" classname="com.shopcart.localization.testcases.LocalizationPageTest"/>
</testsuite> <!-- com.shopcart.localization.testcases.LocalizationPageTest -->
