<?xml version="1.0" encoding="UTF-8"?>
<!-- Generated by org.testng.reporters.JUnitReportReporter -->
<testsuite skipped="0" hostname="ICE-PC" name="com.shopcart.Catalog.testcases.ManufacturerPageTest" tests="2" failures="0" timestamp="19 Aug 2019 07:42:12 GMT" time="36.884" errors="0">
  <testcase name="verifyPageTitle" time="13.520" classname="com.shopcart.Catalog.testcases.ManufacturerPageTest"/>
  <testcase name="verifyAddNewManufacturerTest" time="23.364" classname="com.shopcart.Catalog.testcases.ManufacturerPageTest"/>
</testsuite> <!-- com.shopcart.Catalog.testcases.ManufacturerPageTest -->
