<?xml version="1.0" encoding="UTF-8"?>
<!-- Generated by org.testng.reporters.JUnitReportReporter -->
<testsuite skipped="0" hostname="ICE-PC" name="com.shopcart.Catalog.testcases.CategoriesPagetTest" tests="2" failures="0" timestamp="19 Aug 2019 07:42:12 GMT" time="55.199" errors="0">
  <testcase name="verifyPageTitleTest" time="14.091" classname="com.shopcart.Catalog.testcases.CategoriesPagetTest"/>
  <testcase name="verifyAddNewCategory" time="41.108" classname="com.shopcart.Catalog.testcases.CategoriesPagetTest"/>
</testsuite> <!-- com.shopcart.Catalog.testcases.CategoriesPagetTest -->
