<?xml version="1.0" encoding="UTF-8"?>
<!-- Generated by org.testng.reporters.JUnitReportReporter -->
<testsuite skipped="0" hostname="ICE-PC" name="com.shopcart.Orders.TestCases.InvoicesPageTest" tests="1" failures="0" timestamp="21 Aug 2019 07:27:22 GMT" time="41.239" errors="0">
  <testcase name="verifyFromDateTest" time="41.239" classname="com.shopcart.Orders.TestCases.InvoicesPageTest"/>
</testsuite> <!-- com.shopcart.Orders.TestCases.InvoicesPageTest -->
