<?xml version="1.0" encoding="UTF-8"?>
<!-- Generated by org.testng.reporters.JUnitReportReporter -->
<testsuite skipped="0" hostname="ICE-PC" name="com.shopcart.Catalog.testcases.TagsPageTest" tests="2" failures="0" timestamp="19 Aug 2019 07:42:12 GMT" time="28.157" errors="0">
  <testcase name="verifyAddNewTagsTest" time="14.980" classname="com.shopcart.Catalog.testcases.TagsPageTest"/>
  <testcase name="verifyPageTitleTest" time="13.177" classname="com.shopcart.Catalog.testcases.TagsPageTest"/>
</testsuite> <!-- com.shopcart.Catalog.testcases.TagsPageTest -->
