<?xml version="1.0" encoding="UTF-8"?>
<!-- Generated by org.testng.reporters.JUnitReportReporter -->
<testsuite skipped="0" hostname="ICE-PC" name="com.shopcart.localization.testcases.LanguagesPageTest" tests="2" failures="0" timestamp="19 Aug 2019 07:42:12 GMT" time="34.036" errors="0">
  <testcase name="verifyAddNewLanguageTest" time="19.204" classname="com.shopcart.localization.testcases.LanguagesPageTest"/>
  <testcase name="verifyPageTitleTest" time="14.832" classname="com.shopcart.localization.testcases.LanguagesPageTest"/>
</testsuite> <!-- com.shopcart.localization.testcases.LanguagesPageTest -->
