<?xml version="1.0" encoding="UTF-8"?>
<!-- Generated by org.testng.reporters.JUnitReportReporter -->
<testsuite skipped="0" hostname="ICE-PC" name="com.shopcart.Catalog.testcases.ProductAttributePageTest" tests="2" failures="0" timestamp="19 Aug 2019 07:42:12 GMT" time="31.461" errors="0">
  <testcase name="verifyAddNewValueTest" time="18.795" classname="com.shopcart.Catalog.testcases.ProductAttributePageTest"/>
  <testcase name="verifyPageTitle" time="12.666" classname="com.shopcart.Catalog.testcases.ProductAttributePageTest"/>
</testsuite> <!-- com.shopcart.Catalog.testcases.ProductAttributePageTest -->
