<?xml version="1.0" encoding="UTF-8"?>
<!-- Generated by org.testng.reporters.JUnitReportReporter -->
<testsuite skipped="0" hostname="ICE-PC" name="com.shopcart.Catalog.testcases.SuppliersPageTest" tests="2" failures="0" timestamp="19 Aug 2019 07:42:12 GMT" time="39.650" errors="0">
  <testcase name="verifyPageTitleTest" time="13.119" classname="com.shopcart.Catalog.testcases.SuppliersPageTest"/>
  <testcase name="verifyAddnewSupplierTest" time="26.531" classname="com.shopcart.Catalog.testcases.SuppliersPageTest"/>
</testsuite> <!-- com.shopcart.Catalog.testcases.SuppliersPageTest -->
