<?xml version="1.0" encoding="UTF-8"?>
<!-- Generated by org.testng.reporters.JUnitReportReporter -->
<testsuite skipped="0" hostname="ICE-PC" name="com.shopcart.Orders.TestCases.OrdersPageTest" tests="1" failures="0" timestamp="20 Aug 2019 09:04:45 GMT" time="22.048" errors="0">
  <testcase name="searchCustomerTest" time="22.048" classname="com.shopcart.Orders.TestCases.OrdersPageTest"/>
</testsuite> <!-- com.shopcart.Orders.TestCases.OrdersPageTest -->
