<?xml version="1.0" encoding="UTF-8"?>
<!-- Generated by org.testng.reporters.JUnitReportReporter -->
<testsuite skipped="0" hostname="ICE-PC" name="com.shopcart.dashboard.testcases.DashboardPageTest" tests="1" failures="0" timestamp="23 Aug 2019 10:22:43 GMT" time="50.866" errors="0">
  <testcase name="datePickerTest" time="50.866" classname="com.shopcart.dashboard.testcases.DashboardPageTest"/>
</testsuite> <!-- com.shopcart.dashboard.testcases.DashboardPageTest -->
